<?xml version="1.0" encoding="UTF-8"?>
<!-- Generated by org.testng.reporters.JUnitXMLReporter -->
<testsuite ignored="0" hostname="Ankurs-Surface-3" failures="4" tests="34" name="Test" time="95.094" errors="0" timestamp="2022-11-06T14:13:42 EST">
  <testcase classname="sports.NikeTest" name="launchNike" time="10.683"/>
  <testcase classname="sports.NikeTest" name="closePopUp" time="3.443">
    <failure type="org.openqa.selenium.NoSuchElementException" message="Unable to locate element: //button[@data-auto-id=&amp;apos;glass-cookie-consent-close-button&amp;apos;]
For documentation on this error, please visit: https://selenium.dev/exceptions/#no_such_element
Build info: version: &amp;apos;4.4.0&amp;apos;, revision: &amp;apos;e5c75ed026a&amp;apos;
System info: host: &amp;apos;ANKURS-SURFACE-&amp;apos;, ip: &amp;apos;10.0.0.14&amp;apos;, os.name: &amp;apos;Windows 10&amp;apos;, os.arch: &amp;apos;amd64&amp;apos;, os.version: &amp;apos;10.0&amp;apos;, java.version: &amp;apos;15.0.1&amp;apos;
Driver info: org.openqa.selenium.firefox.FirefoxDriver
Command: [be249d46-0253-4f60-b132-0a03272ddce9, findElement {using=xpath, value=//button[@data-auto-id=&amp;apos;glass-cookie-consent-close-button&amp;apos;]}]
Capabilities {acceptInsecureCerts: true, browserName: firefox, browserVersion: 106.0.5, moz:accessibilityChecks: false, moz:buildID: 20221104133228, moz:debuggerAddress: 127.0.0.1:50127, moz:geckodriverVersion: 0.31.0, moz:headless: false, moz:platformVersion: 10.0, moz:processID: 13064, moz:profile: C:\Users\ankur\AppData\Loca..., moz:shutdownTimeout: 60000, moz:useNonSpecCompliantPointerOrigin: false, moz:webdriverClick: true, moz:windowless: false, pageLoadStrategy: normal, platformName: WINDOWS, proxy: Proxy(), se:cdp: ws://127.0.0.1:50127/devtoo..., se:cdpVersion: 85.0, setWindowRect: true, strictFileInteractability: false, timeouts: {implicit: 0, pageLoad: 300000, script: 30000}, unhandledPromptBehavior: dismiss and notify}
Session ID: be249d46-0253-4f60-b132-0a03272ddce9">
      <![CDATA[org.openqa.selenium.NoSuchElementException: Unable to locate element: //button[@data-auto-id='glass-cookie-consent-close-button']
For documentation on this error, please visit: https://selenium.dev/exceptions/#no_such_element
Build info: version: '4.4.0', revision: 'e5c75ed026a'
System info: host: 'ANKURS-SURFACE-', ip: '10.0.0.14', os.name: 'Windows 10', os.arch: 'amd64', os.version: '10.0', java.version: '15.0.1'
Driver info: org.openqa.selenium.firefox.FirefoxDriver
Command: [be249d46-0253-4f60-b132-0a03272ddce9, findElement {using=xpath, value=//button[@data-auto-id='glass-cookie-consent-close-button']}]
Capabilities {acceptInsecureCerts: true, browserName: firefox, browserVersion: 106.0.5, moz:accessibilityChecks: false, moz:buildID: 20221104133228, moz:debuggerAddress: 127.0.0.1:50127, moz:geckodriverVersion: 0.31.0, moz:headless: false, moz:platformVersion: 10.0, moz:processID: 13064, moz:profile: C:\Users\ankur\AppData\Loca..., moz:shutdownTimeout: 60000, moz:useNonSpecCompliantPointerOrigin: false, moz:webdriverClick: true, moz:windowless: false, pageLoadStrategy: normal, platformName: WINDOWS, proxy: Proxy(), se:cdp: ws://127.0.0.1:50127/devtoo..., se:cdpVersion: 85.0, setWindowRect: true, strictFileInteractability: false, timeouts: {implicit: 0, pageLoad: 300000, script: 30000}, unhandledPromptBehavior: dismiss and notify}
Session ID: be249d46-0253-4f60-b132-0a03272ddce9
at org.openqa.selenium.remote.codec.w3c.W3CHttpResponseCodec.createException(W3CHttpResponseCodec.java:200)
at org.openqa.selenium.remote.codec.w3c.W3CHttpResponseCodec.decode(W3CHttpResponseCodec.java:133)
at org.openqa.selenium.remote.codec.w3c.W3CHttpResponseCodec.decode(W3CHttpResponseCodec.java:53)
at org.openqa.selenium.remote.HttpCommandExecutor.execute(HttpCommandExecutor.java:184)
at org.openqa.selenium.remote.service.DriverCommandExecutor.invokeExecute(DriverCommandExecutor.java:167)
at org.openqa.selenium.remote.service.DriverCommandExecutor.execute(DriverCommandExecutor.java:142)
at org.openqa.selenium.remote.RemoteWebDriver.execute(RemoteWebDriver.java:547)
at org.openqa.selenium.remote.ElementLocation$ElementFinder$2.findElement(ElementLocation.java:162)
at org.openqa.selenium.remote.ElementLocation.findElement(ElementLocation.java:60)
at org.openqa.selenium.remote.RemoteWebDriver.findElement(RemoteWebDriver.java:365)
at org.openqa.selenium.remote.RemoteWebDriver.findElement(RemoteWebDriver.java:357)
at sports.NikeTest.closePopUp(NikeTest.java:47)
at java.base/java.util.ArrayList.forEach(ArrayList.java:1511)
... Removed 32 stack frames]]>
    </failure>
  </testcase> <!-- closePopUp -->
  <testcase classname="sports.NikeTest" name="getMenuItems" time="0.354"/>
  <testcase classname="sports.NikeTest" name="printMenuItems" time="0.452"/>
  <testcase classname="sports.NikeTest" name="clickSignIn" time="7.907"/>
  <testcase classname="sports.NikeTest" name="signinDetails" time="3.612"/>
  <testcase classname="sports.NikeTest" name="joinUs" time="0.858"/>
  <testcase classname="sports.NikeTest" name="joinusForm" time="5.13"/>
  <testcase classname="sports.NikeTest" name="navigateBack" time="8.725"/>
  <testcase classname="sports.NikeTest" name="navigateDown" time="2.937"/>
  <testcase classname="sports.NikeTest" name="getFooterItems" time="0.054"/>
  <testcase classname="sports.NikeTest" name="printFooterItems" time="1.008"/>
  <testcase classname="sports.AddidasTest" name="launchAddidas" time="9.31"/>
  <testcase classname="sports.AddidasTest" name="closePopUp" time="8.656"/>
  <testcase classname="sports.AddidasTest" name="getMenuItems" time="0.307"/>
  <testcase classname="sports.AddidasTest" name="printMenuItems" time="1.514"/>
  <testcase classname="sports.AddidasTest" name="clickSignIn" time="1.454"/>
  <testcase classname="sports.AddidasTest" name="signinDetails" time="3.293"/>
  <testcase classname="sports.AddidasTest" name="closeSignIn" time="0.894"/>
  <testcase classname="sports.AddidasTest" name="navigateDown" time="6.704"/>
  <testcase classname="sports.AddidasTest" name="getFooterItems" time="0.194"/>
  <testcase classname="sports.AddidasTest" name="printFooterItems" time="0.607"/>
  <testcase classname="sports.PumaTest" name="launchPuma" time="4.02"/>
  <testcase classname="sports.PumaTest" name="closePopUp" time="0.435">
    <failure type="org.openqa.selenium.NoSuchElementException" message="Unable to locate element: //div[@data-test-id=&amp;apos;cookie-banner&amp;apos;]/button
For documentation on this error, please visit: https://selenium.dev/exceptions/#no_such_element
Build info: version: &amp;apos;4.4.0&amp;apos;, revision: &amp;apos;e5c75ed026a&amp;apos;
System info: host: &amp;apos;ANKURS-SURFACE-&amp;apos;, ip: &amp;apos;10.0.0.14&amp;apos;, os.name: &amp;apos;Windows 10&amp;apos;, os.arch: &amp;apos;amd64&amp;apos;, os.version: &amp;apos;10.0&amp;apos;, java.version: &amp;apos;15.0.1&amp;apos;
Driver info: org.openqa.selenium.firefox.FirefoxDriver
Command: [fa5b5fd5-d80b-400b-aac5-1761eec427ba, findElement {using=xpath, value=//div[@data-test-id=&amp;apos;cookie-banner&amp;apos;]/button}]
Capabilities {acceptInsecureCerts: true, browserName: firefox, browserVersion: 106.0.5, moz:accessibilityChecks: false, moz:buildID: 20221104133228, moz:debuggerAddress: 127.0.0.1:61991, moz:geckodriverVersion: 0.31.0, moz:headless: false, moz:platformVersion: 10.0, moz:processID: 7236, moz:profile: C:\Users\ankur\AppData\Loca..., moz:shutdownTimeout: 60000, moz:useNonSpecCompliantPointerOrigin: false, moz:webdriverClick: true, moz:windowless: false, pageLoadStrategy: normal, platformName: WINDOWS, proxy: Proxy(), se:cdp: ws://127.0.0.1:61991/devtoo..., se:cdpVersion: 85.0, setWindowRect: true, strictFileInteractability: false, timeouts: {implicit: 0, pageLoad: 300000, script: 30000}, unhandledPromptBehavior: dismiss and notify}
Session ID: fa5b5fd5-d80b-400b-aac5-1761eec427ba">
      <![CDATA[org.openqa.selenium.NoSuchElementException: Unable to locate element: //div[@data-test-id='cookie-banner']/button
For documentation on this error, please visit: https://selenium.dev/exceptions/#no_such_element
Build info: version: '4.4.0', revision: 'e5c75ed026a'
System info: host: 'ANKURS-SURFACE-', ip: '10.0.0.14', os.name: 'Windows 10', os.arch: 'amd64', os.version: '10.0', java.version: '15.0.1'
Driver info: org.openqa.selenium.firefox.FirefoxDriver
Command: [fa5b5fd5-d80b-400b-aac5-1761eec427ba, findElement {using=xpath, value=//div[@data-test-id='cookie-banner']/button}]
Capabilities {acceptInsecureCerts: true, browserName: firefox, browserVersion: 106.0.5, moz:accessibilityChecks: false, moz:buildID: 20221104133228, moz:debuggerAddress: 127.0.0.1:61991, moz:geckodriverVersion: 0.31.0, moz:headless: false, moz:platformVersion: 10.0, moz:processID: 7236, moz:profile: C:\Users\ankur\AppData\Loca..., moz:shutdownTimeout: 60000, moz:useNonSpecCompliantPointerOrigin: false, moz:webdriverClick: true, moz:windowless: false, pageLoadStrategy: normal, platformName: WINDOWS, proxy: Proxy(), se:cdp: ws://127.0.0.1:61991/devtoo..., se:cdpVersion: 85.0, setWindowRect: true, strictFileInteractability: false, timeouts: {implicit: 0, pageLoad: 300000, script: 30000}, unhandledPromptBehavior: dismiss and notify}
Session ID: fa5b5fd5-d80b-400b-aac5-1761eec427ba
at org.openqa.selenium.remote.codec.w3c.W3CHttpResponseCodec.createException(W3CHttpResponseCodec.java:200)
at org.openqa.selenium.remote.codec.w3c.W3CHttpResponseCodec.decode(W3CHttpResponseCodec.java:133)
at org.openqa.selenium.remote.codec.w3c.W3CHttpResponseCodec.decode(W3CHttpResponseCodec.java:53)
at org.openqa.selenium.remote.HttpCommandExecutor.execute(HttpCommandExecutor.java:184)
at org.openqa.selenium.remote.service.DriverCommandExecutor.invokeExecute(DriverCommandExecutor.java:167)
at org.openqa.selenium.remote.service.DriverCommandExecutor.execute(DriverCommandExecutor.java:142)
at org.openqa.selenium.remote.RemoteWebDriver.execute(RemoteWebDriver.java:547)
at org.openqa.selenium.remote.ElementLocation$ElementFinder$2.findElement(ElementLocation.java:162)
at org.openqa.selenium.remote.ElementLocation.findElement(ElementLocation.java:60)
at org.openqa.selenium.remote.RemoteWebDriver.findElement(RemoteWebDriver.java:365)
at org.openqa.selenium.remote.RemoteWebDriver.findElement(RemoteWebDriver.java:357)
at sports.PumaTest.closePopUp(PumaTest.java:48)
at java.base/java.util.ArrayList.forEach(ArrayList.java:1511)
... Removed 32 stack frames]]>
    </failure>
  </testcase> <!-- closePopUp -->
  <testcase classname="sports.PumaTest" name="getMenuItems" time="0.202"/>
  <testcase classname="sports.PumaTest" name="printMenuItems" time="1.03"/>
  <testcase classname="sports.PumaTest" name="clickSignIn" time="5.451"/>
  <testcase classname="sports.PumaTest" name="navigateDown" time="0.08"/>
  <testcase classname="sports.PumaTest" name="getFooterItems" time="0.039"/>
  <testcase classname="sports.PumaTest" name="signinDetails" time="2.635">
    <failure type="java.lang.AssertionError" message="The following asserts failed:
	Error Message Mismatch ! expected [true] but found [false]">
      <![CDATA[java.lang.AssertionError: The following asserts failed:
Error Message Mismatch ! expected [true] but found [false]
at sports.PumaTest.signinDetails(PumaTest.java:93)
at java.base/java.util.ArrayList.forEach(ArrayList.java:1511)
... Removed 29 stack frames]]>
    </failure>
  </testcase> <!-- signinDetails -->
  <testcase classname="sports.PumaTest" name="joinUs" time="1.097"/>
  <testcase classname="sports.PumaTest" name="printFooterItems" time="0.179"/>
  <testcase classname="sports.PumaTest" name="joinusForm" time="0.97">
    <failure type="org.openqa.selenium.ElementClickInterceptedException" message="Element &amp;lt;button id=&amp;quot;register&amp;quot; class=&amp;quot;group tw-1rsapne tw-2r5vm8 flex-row after::absolute after::hidden after::pointer-events-none after::-left-1 after::-top-1 after::-right-1 after::-bottom-1 after::border-2 after::border-outline after::rounded-sm focus:after::block tw-10skrdm&amp;quot; type=&amp;quot;submit&amp;quot;&amp;gt; is not clickable at point (456,864) because another element &amp;lt;div class=&amp;quot;bg-puma-black-100 py-6 px-4 md:px-24 w-full&amp;quot;&amp;gt; obscures it
Build info: version: &amp;apos;4.4.0&amp;apos;, revision: &amp;apos;e5c75ed026a&amp;apos;
System info: host: &amp;apos;ANKURS-SURFACE-&amp;apos;, ip: &amp;apos;10.0.0.14&amp;apos;, os.name: &amp;apos;Windows 10&amp;apos;, os.arch: &amp;apos;amd64&amp;apos;, os.version: &amp;apos;10.0&amp;apos;, java.version: &amp;apos;15.0.1&amp;apos;
Driver info: org.openqa.selenium.firefox.FirefoxDriver
Command: [fa5b5fd5-d80b-400b-aac5-1761eec427ba, clickElement {id=31618ff4-0488-4850-a1f7-fe04d2eafd64}]
Capabilities {acceptInsecureCerts: true, browserName: firefox, browserVersion: 106.0.5, moz:accessibilityChecks: false, moz:buildID: 20221104133228, moz:debuggerAddress: 127.0.0.1:61991, moz:geckodriverVersion: 0.31.0, moz:headless: false, moz:platformVersion: 10.0, moz:processID: 7236, moz:profile: C:\Users\ankur\AppData\Loca..., moz:shutdownTimeout: 60000, moz:useNonSpecCompliantPointerOrigin: false, moz:webdriverClick: true, moz:windowless: false, pageLoadStrategy: normal, platformName: WINDOWS, proxy: Proxy(), se:cdp: ws://127.0.0.1:61991/devtoo..., se:cdpVersion: 85.0, setWindowRect: true, strictFileInteractability: false, timeouts: {implicit: 0, pageLoad: 300000, script: 30000}, unhandledPromptBehavior: dismiss and notify}
Element: [[FirefoxDriver: firefox on WINDOWS (fa5b5fd5-d80b-400b-aac5-1761eec427ba)] -&amp;gt; id: register]
Session ID: fa5b5fd5-d80b-400b-aac5-1761eec427ba">
      <![CDATA[org.openqa.selenium.ElementClickInterceptedException: Element <button id="register" class="group tw-1rsapne tw-2r5vm8 flex-row after::absolute after::hidden after::pointer-events-none after::-left-1 after::-top-1 after::-right-1 after::-bottom-1 after::border-2 after::border-outline after::rounded-sm focus:after::block tw-10skrdm" type="submit"> is not clickable at point (456,864) because another element <div class="bg-puma-black-100 py-6 px-4 md:px-24 w-full"> obscures it
Build info: version: '4.4.0', revision: 'e5c75ed026a'
System info: host: 'ANKURS-SURFACE-', ip: '10.0.0.14', os.name: 'Windows 10', os.arch: 'amd64', os.version: '10.0', java.version: '15.0.1'
Driver info: org.openqa.selenium.firefox.FirefoxDriver
Command: [fa5b5fd5-d80b-400b-aac5-1761eec427ba, clickElement {id=31618ff4-0488-4850-a1f7-fe04d2eafd64}]
Capabilities {acceptInsecureCerts: true, browserName: firefox, browserVersion: 106.0.5, moz:accessibilityChecks: false, moz:buildID: 20221104133228, moz:debuggerAddress: 127.0.0.1:61991, moz:geckodriverVersion: 0.31.0, moz:headless: false, moz:platformVersion: 10.0, moz:processID: 7236, moz:profile: C:\Users\ankur\AppData\Loca..., moz:shutdownTimeout: 60000, moz:useNonSpecCompliantPointerOrigin: false, moz:webdriverClick: true, moz:windowless: false, pageLoadStrategy: normal, platformName: WINDOWS, proxy: Proxy(), se:cdp: ws://127.0.0.1:61991/devtoo..., se:cdpVersion: 85.0, setWindowRect: true, strictFileInteractability: false, timeouts: {implicit: 0, pageLoad: 300000, script: 30000}, unhandledPromptBehavior: dismiss and notify}
Element: [[FirefoxDriver: firefox on WINDOWS (fa5b5fd5-d80b-400b-aac5-1761eec427ba)] -> id: register]
Session ID: fa5b5fd5-d80b-400b-aac5-1761eec427ba
at org.openqa.selenium.remote.codec.w3c.W3CHttpResponseCodec.createException(W3CHttpResponseCodec.java:200)
at org.openqa.selenium.remote.codec.w3c.W3CHttpResponseCodec.decode(W3CHttpResponseCodec.java:133)
at org.openqa.selenium.remote.codec.w3c.W3CHttpResponseCodec.decode(W3CHttpResponseCodec.java:53)
at org.openqa.selenium.remote.HttpCommandExecutor.execute(HttpCommandExecutor.java:184)
at org.openqa.selenium.remote.service.DriverCommandExecutor.invokeExecute(DriverCommandExecutor.java:167)
at org.openqa.selenium.remote.service.DriverCommandExecutor.execute(DriverCommandExecutor.java:142)
at org.openqa.selenium.remote.RemoteWebDriver.execute(RemoteWebDriver.java:547)
at org.openqa.selenium.remote.RemoteWebElement.execute(RemoteWebElement.java:257)
at org.openqa.selenium.remote.RemoteWebElement.click(RemoteWebElement.java:78)
at sports.PumaTest.joinusForm(PumaTest.java:108)
at java.base/java.util.ArrayList.forEach(ArrayList.java:1511)
... Removed 32 stack frames]]>
    </failure>
  </testcase> <!-- joinusForm -->
  <testcase classname="sports.PumaTest" name="navigateBack" time="0.521"/>
</testsuite> <!-- Test -->
